<?xml version="1.0" encoding="UTF-8"?>
<!-- Generated by org.testng.reporters.JUnitReportReporter -->
<testsuite hostname="DESKTOP-9V0BM5U" failures="0" tests="1" name="com.tests.Dws_RegisterTC01" time="0.000" errors="0" timestamp="2021-12-15T10:47:33 IST" skipped="1">
  <testcase classname="com.tests.Dws_RegisterTC01" name="demo" time="0.000">
    <skipped/>
  </testcase> <!-- demo -->
  <system-out/>
</testsuite> <!-- com.tests.Dws_RegisterTC01 -->
