<?xml version="1.0" encoding="UTF-8"?>
<!-- Generated by org.testng.reporters.JUnitReportReporter -->
<testsuite hostname="DESKTOP-9V0BM5U" failures="0" tests="1" name="com.tests.Register_Tc_11" time="4.108" errors="0" timestamp="2021-12-16T11:44:37 IST" skipped="0">
  <testcase classname="com.tests.Register_Tc_11" name="tc" time="4.108"/>
  <system-out/>
</testsuite> <!-- com.tests.Register_Tc_11 -->
