<?xml version="1.0" encoding="UTF-8"?>
<!-- Generated by org.testng.reporters.JUnitReportReporter -->
<testsuite hostname="DESKTOP-9V0BM5U" failures="0" tests="1" name="com.tests.Register_Tc_04" time="1.192" errors="0" timestamp="2021-12-15T15:14:52 IST" skipped="0">
  <testcase classname="com.tests.Register_Tc_04" name="Tc01" time="1.192"/>
  <system-out/>
</testsuite> <!-- com.tests.Register_Tc_04 -->
