<?xml version="1.0" encoding="UTF-8"?>
<!-- Generated by org.testng.reporters.JUnitReportReporter -->
<testsuite hostname="DESKTOP-9V0BM5U" failures="0" tests="2" name="com.tests.Register_Tc_02" time="3.130" errors="0" timestamp="2021-12-15T13:22:58 IST" skipped="0">
  <testcase classname="com.tests.Register_Tc_02" name="Tc01" time="1.085"/>
  <system-out/>
  <testcase classname="com.tests.Register_Tc_02" name="Tc01" time="2.045"/>
  <system-out/>
</testsuite> <!-- com.tests.Register_Tc_02 -->
