<?xml version="1.0" encoding="UTF-8"?>
<!-- Generated by org.testng.reporters.JUnitReportReporter -->
<testsuite hostname="DESKTOP-9V0BM5U" failures="0" tests="1" name="com.tests.Tc_15" time="1.689" errors="0" timestamp="2021-12-17T14:59:25 IST" skipped="0">
  <testcase classname="com.tests.Tc_15" name="tc" time="1.689"/>
  <system-out/>
</testsuite> <!-- com.tests.Tc_15 -->
