<?xml version="1.0" encoding="UTF-8"?>
<!-- Generated by org.testng.reporters.JUnitReportReporter -->
<testsuite hostname="DESKTOP-9V0BM5U" failures="0" tests="1" name="com.tests.Register_Tc_12" time="0.885" errors="0" timestamp="2021-12-16T12:53:13 IST" skipped="0">
  <testcase classname="com.tests.Register_Tc_12" name="quality_check" time="0.885"/>
  <system-out/>
</testsuite> <!-- com.tests.Register_Tc_12 -->
