<?xml version="1.0" encoding="UTF-8"?>
<!-- Generated by org.testng.reporters.JUnitReportReporter -->
<testsuite hostname="DESKTOP-9V0BM5U" failures="0" tests="2" name="com.tests.Register_Tc_05" time="7.794" errors="0" timestamp="2021-12-15T15:49:17 IST" skipped="0">
  <testcase classname="com.tests.Register_Tc_05" name="tc01" time="3.056"/>
  <system-out/>
  <testcase classname="com.tests.Register_Tc_05" name="tc01" time="4.738"/>
  <system-out/>
</testsuite> <!-- com.tests.Register_Tc_05 -->
