<?xml version="1.0" encoding="UTF-8"?>
<!-- Generated by org.testng.reporters.JUnitReportReporter -->
<testsuite hostname="DESKTOP-9V0BM5U" failures="0" tests="1" name="com.tests.Register_Tc_13" time="0.000" errors="0" timestamp="2021-12-16T16:56:16 IST" skipped="1">
  <testcase classname="com.tests.Register_Tc_13" name="tc" time="0.000">
    <skipped/>
  </testcase> <!-- tc -->
  <system-out/>
</testsuite> <!-- com.tests.Register_Tc_13 -->
