<?xml version="1.0" encoding="UTF-8"?>
<!-- Generated by org.testng.reporters.JUnitReportReporter -->
<testsuite hostname="DESKTOP-9V0BM5U" failures="0" tests="4" name="com.tests.Register_Tc_08" time="7.209" errors="0" timestamp="2021-12-15T23:10:33 IST" skipped="0">
  <testcase classname="com.tests.Register_Tc_08" name="tc01" time="1.633"/>
  <system-out/>
  <testcase classname="com.tests.Register_Tc_08" name="tc01" time="1.817"/>
  <system-out/>
  <testcase classname="com.tests.Register_Tc_08" name="tc01" time="1.539"/>
  <system-out/>
  <testcase classname="com.tests.Register_Tc_08" name="tc01" time="2.220"/>
  <system-out/>
</testsuite> <!-- com.tests.Register_Tc_08 -->
