<?xml version="1.0" encoding="UTF-8"?>
<!-- Generated by org.testng.reporters.JUnitReportReporter -->
<testsuite hostname="DESKTOP-9V0BM5U" failures="0" tests="1" name="com.tests.Tc_14" time="3.839" errors="0" timestamp="2021-12-17T10:37:38 IST" skipped="0">
  <testcase classname="com.tests.Tc_14" name="tc" time="3.839"/>
  <system-out/>
</testsuite> <!-- com.tests.Tc_14 -->
