<?xml version="1.0" encoding="UTF-8"?>
<!-- Generated by org.testng.reporters.JUnitReportReporter -->
<testsuite hostname="DESKTOP-9V0BM5U" failures="0" tests="1" name="com.tests.Register_Tc_10" time="2.352" errors="0" timestamp="2021-12-16T11:17:27 IST" skipped="0">
  <testcase classname="com.tests.Register_Tc_10" name="tc01" time="2.352"/>
  <system-out/>
</testsuite> <!-- com.tests.Register_Tc_10 -->
