<?xml version="1.0" encoding="UTF-8"?>
<!-- Generated by org.testng.reporters.JUnitReportReporter -->
<testsuite hostname="DESKTOP-9V0BM5U" failures="0" tests="2" name="com.tests.Register_Tc_06" time="8.616" errors="0" timestamp="2021-12-15T15:59:32 IST" skipped="0">
  <testcase classname="com.tests.Register_Tc_06" name="tc01" time="2.227"/>
  <system-out/>
  <testcase classname="com.tests.Register_Tc_06" name="tc01" time="6.389"/>
  <system-out/>
</testsuite> <!-- com.tests.Register_Tc_06 -->
