<?xml version="1.0" encoding="UTF-8"?>
<!-- Generated by org.testng.reporters.JUnitReportReporter -->
<testsuite hostname="DESKTOP-9V0BM5U" failures="0" tests="1" name="com.tests.Register_Tc_01" time="0.877" errors="0" timestamp="2021-12-15T13:11:33 IST" skipped="0">
  <testcase classname="com.tests.Register_Tc_01" name="click" time="0.877"/>
  <system-out/>
</testsuite> <!-- com.tests.Register_Tc_01 -->
