<?xml version="1.0" encoding="UTF-8"?>
<!-- Generated by org.testng.reporters.JUnitReportReporter -->
<testsuite hostname="DESKTOP-9V0BM5U" failures="0" tests="2" name="data_provider.Register_Data_Provider_01" time="37.179" errors="0" timestamp="2021-12-08T11:48:32 IST" skipped="0">
  <testcase classname="data_provider.Register_Data_Provider_01" name="demo" time="16.024"/>
  <system-out/>
  <testcase classname="data_provider.Register_Data_Provider_01" name="demo" time="21.155"/>
  <system-out/>
</testsuite> <!-- data_provider.Register_Data_Provider_01 -->
