<?xml version="1.0" encoding="UTF-8"?>
<!-- Generated by org.testng.reporters.JUnitReportReporter -->
<testsuite hostname="DESKTOP-9V0BM5U" failures="0" tests="1" name="working_with_annotation.Dws_Login_Annotation" time="2.232" errors="0" timestamp="2021-12-02T15:12:54 IST" skipped="0">
  <testcase classname="working_with_annotation.Dws_Login_Annotation" name="register" time="2.232"/>
  <system-out/>
</testsuite> <!-- working_with_annotation.Dws_Login_Annotation -->
