<?xml version="1.0" encoding="UTF-8"?>
<!-- Generated by org.testng.reporters.JUnitReportReporter -->
<testsuite hostname="DESKTOP-9V0BM5U" failures="0" tests="1" name="test_case.Register_Tc_Dws" time="2.538" errors="0" timestamp="2021-12-03T10:00:44 IST" skipped="0">
  <testcase classname="test_case.Register_Tc_Dws" name="register" time="2.538"/>
  <system-out/>
</testsuite> <!-- test_case.Register_Tc_Dws -->
