<?xml version="1.0" encoding="UTF-8"?>
<!-- Generated by org.testng.reporters.JUnitReportReporter -->
<testsuite hostname="DESKTOP-9V0BM5U" failures="0" tests="1" name="testng1.Dws" time="39.125" errors="0" timestamp="2021-12-23T09:36:59 IST" skipped="0">
  <testcase classname="testng1.Dws" name="tc" time="39.125"/>
  <system-out/>
</testsuite> <!-- testng1.Dws -->
