<?xml version="1.0" encoding="UTF-8"?>
<!-- Generated by org.testng.reporters.JUnitReportReporter -->
<testsuite hostname="DESKTOP-9V0BM5U" failures="0" tests="1" name="test_case.LoginTestCase" time="2.589" errors="0" timestamp="2021-12-03T10:00:44 IST" skipped="0">
  <testcase classname="test_case.LoginTestCase" name="dlogin_testcase" time="2.589"/>
  <system-out/>
</testsuite> <!-- test_case.LoginTestCase -->
