<?xml version="1.0" encoding="UTF-8"?>
<!-- Generated by org.testng.reporters.JUnitReportReporter -->
<testsuite hostname="DESKTOP-9V0BM5U" failures="0" tests="1" name="testng1.Dws_Login_Tc" time="68.549" errors="0" timestamp="2021-12-04T11:30:00 IST" skipped="0">
  <testcase classname="testng1.Dws_Login_Tc" name="login" time="68.549"/>
  <system-out/>
</testsuite> <!-- testng1.Dws_Login_Tc -->
