<?xml version="1.0" encoding="UTF-8"?>
<!-- Generated by org.testng.reporters.JUnitReportReporter -->
<testsuite hostname="DESKTOP-9V0BM5U" failures="0" tests="3" name="working_with_annotation.Test1" time="0.015" errors="0" timestamp="2021-12-04T11:30:00 IST" skipped="0">
  <testcase classname="working_with_annotation.Test1" name="web_shop" time="0.005"/>
  <system-out/>
  <testcase classname="working_with_annotation.Test1" name="mobile_shop" time="0.004"/>
  <system-out/>
  <testcase classname="working_with_annotation.Test1" name="medical_shop" time="0.006"/>
  <system-out/>
</testsuite> <!-- working_with_annotation.Test1 -->
