<?xml version="1.0" encoding="UTF-8"?>
<!-- Generated by org.testng.reporters.JUnitReportReporter -->
<testsuite hostname="DESKTOP-9V0BM5U" failures="0" tests="3" name="testng1.Testng1" time="0.014" errors="0" timestamp="2021-12-04T11:30:00 IST" skipped="0">
  <testcase classname="testng1.Testng1" name="aalal" time="0.007"/>
  <system-out/>
  <testcase classname="testng1.Testng1" name="test" time="0.004"/>
  <system-out/>
  <testcase classname="testng1.Testng1" name="atest" time="0.003"/>
  <system-out/>
</testsuite> <!-- testng1.Testng1 -->
