<?xml version="1.0" encoding="UTF-8"?>
<!-- Generated by org.testng.reporters.JUnitReportReporter -->
<testsuite hostname="DESKTOP-9V0BM5U" failures="0" tests="1" name="test_cases.AutomationPractice_login" time="5.569" errors="0" timestamp="2021-12-06T12:29:05 IST" skipped="0">
  <testcase classname="test_cases.AutomationPractice_login" name="login" time="5.569"/>
  <system-out/>
</testsuite> <!-- test_cases.AutomationPractice_login -->
