<?xml version="1.0" encoding="UTF-8"?>
<!-- Generated by org.testng.reporters.JUnitReportReporter -->
<testsuite hostname="DESKTOP-9V0BM5U" failures="0" tests="2" name="groups.WorkingWithTestData" time="0.036" errors="0" timestamp="2021-12-07T17:45:26 IST" skipped="0">
  <testcase classname="groups.WorkingWithTestData" name="Demo" time="0.034"/>
  <system-out/>
  <testcase classname="groups.WorkingWithTestData" name="Demo" time="0.002"/>
  <system-out/>
</testsuite> <!-- groups.WorkingWithTestData -->
