<?xml version="1.0" encoding="UTF-8"?>
<!-- Generated by org.testng.reporters.JUnitReportReporter -->
<testsuite hostname="DESKTOP-9V0BM5U" failures="0" tests="1" name="framework_utility.Register_Tc" time="20.241" errors="0" timestamp="2021-12-02T17:42:10 IST" skipped="0">
  <testcase classname="framework_utility.Register_Tc" name="tc2_register" time="20.241"/>
  <system-out/>
</testsuite> <!-- framework_utility.Register_Tc -->
