<?xml version="1.0" encoding="UTF-8"?>
<!-- Generated by org.testng.reporters.JUnitReportReporter -->
<testsuite hostname="DESKTOP-9V0BM5U" failures="0" tests="2" name="framework_utility.Register_Tc_Dws" time="18.660" errors="0" timestamp="2021-12-02T23:22:04 IST" skipped="0">
  <testcase classname="framework_utility.Register_Tc_Dws" name="tc2_register" time="15.793"/>
  <system-out/>
  <testcase classname="framework_utility.Register_Tc_Dws" name="register" time="2.867"/>
  <system-out/>
</testsuite> <!-- framework_utility.Register_Tc_Dws -->
