<?xml version="1.0" encoding="UTF-8"?>
<!-- Generated by org.testng.reporters.JUnitReportReporter -->
<testsuite hostname="DESKTOP-9V0BM5U" failures="0" tests="1" name="groups.Login_Assert_TestCase" time="26.601" errors="0" timestamp="2021-12-09T10:06:41 IST" skipped="0">
  <testcase classname="groups.Login_Assert_TestCase" name="login" time="26.601"/>
  <system-out/>
</testsuite> <!-- groups.Login_Assert_TestCase -->
