<?xml version="1.0" encoding="UTF-8"?>
<!-- Generated by org.testng.reporters.JUnitReportReporter -->
<testsuite hostname="DESKTOP-9V0BM5U" failures="0" tests="2" name="test_cases.LoginTc01" time="2.220" errors="0" timestamp="2021-12-14T15:29:32 IST" skipped="0">
  <testcase classname="test_cases.LoginTc01" name="login" time="1.139"/>
  <system-out/>
  <testcase classname="test_cases.LoginTc01" name="login" time="1.081"/>
  <system-out/>
</testsuite> <!-- test_cases.LoginTc01 -->
