<?xml version="1.0" encoding="UTF-8"?>
<!-- Generated by org.testng.reporters.JUnitReportReporter -->
<testsuite hostname="DESKTOP-9V0BM5U" failures="0" tests="1" name="testng1.Dws_annotation_test" time="4.823" errors="0" timestamp="2021-12-04T11:30:00 IST" skipped="0">
  <testcase classname="testng1.Dws_annotation_test" name="register" time="4.823"/>
  <system-out/>
</testsuite> <!-- testng1.Dws_annotation_test -->
