<?xml version="1.0" encoding="UTF-8"?>
<!-- Generated by org.testng.reporters.JUnitReportReporter -->
<testsuite hostname="DESKTOP-9V0BM5U" failures="0" tests="1" name="test_cases.Automation_Practice_sign_in" time="25.616" errors="0" timestamp="2021-12-06T16:16:34 IST" skipped="0">
  <testcase classname="test_cases.Automation_Practice_sign_in" name="signIn" time="25.616"/>
  <system-out/>
</testsuite> <!-- test_cases.Automation_Practice_sign_in -->
