<?xml version="1.0" encoding="UTF-8"?>
<!-- Generated by org.testng.reporters.JUnitReportReporter -->
<testsuite hostname="DESKTOP-9V0BM5U" failures="0" tests="2" name="data_provider.Login_Data_Provider_01" time="5.163" errors="0" timestamp="2021-12-08T11:29:40 IST" skipped="0">
  <testcase classname="data_provider.Login_Data_Provider_01" name="demo" time="1.829"/>
  <system-out/>
  <testcase classname="data_provider.Login_Data_Provider_01" name="demo" time="3.334"/>
  <system-out/>
</testsuite> <!-- data_provider.Login_Data_Provider_01 -->
